<?xml version="1.0" encoding="UTF-8"?>
<testng-results ignored="0" total="3" passed="3" failed="0" skipped="0">
  <reporter-output>
  </reporter-output>
  <suite started-at="2023-09-07T14:32:17 IST" name="Suite" finished-at="2023-09-07T14:35:21 IST" duration-ms="183890">
    <groups>
    </groups>
    <test started-at="2023-09-07T14:32:17 IST" name="Selenium Tests with chrome" finished-at="2023-09-07T14:35:18 IST" duration-ms="180513">
      <class name="com.org.Tests.LoginTest">
        <test-method is-config="true" signature="setup(java.lang.String)[pri:0, instance:com.org.Tests.LoginTest@303e98aa]" started-at="2023-09-07T14:32:18 IST" name="setup" finished-at="2023-09-07T14:34:10 IST" duration-ms="112551" status="PASS">
          <params>
            <param index="0">
              <value>
                <![CDATA[chrome]]>
              </value>
            </param>
          </params>
          <reporter-output>
          </reporter-output>
        </test-method> <!-- setup -->
        <test-method signature="loginTest()[pri:0, instance:com.org.Tests.LoginTest@303e98aa]" started-at="2023-09-07T14:34:12 IST" name="loginTest" finished-at="2023-09-07T14:34:56 IST" duration-ms="44219" status="PASS">
          <reporter-output>
          </reporter-output>
        </test-method> <!-- loginTest -->
        <test-method is-config="true" signature="tearDown()[pri:0, instance:com.org.Tests.LoginTest@303e98aa]" started-at="2023-09-07T14:34:56 IST" name="tearDown" finished-at="2023-09-07T14:35:18 IST" duration-ms="21459" status="PASS">
          <reporter-output>
          </reporter-output>
        </test-method> <!-- tearDown -->
      </class> <!-- com.org.Tests.LoginTest -->
    </test> <!-- Selenium Tests with chrome -->
    <test started-at="2023-09-07T14:32:17 IST" name="Selenium Tests with edge" finished-at="2023-09-07T14:35:18 IST" duration-ms="180377">
      <class name="com.org.Tests.LoginTest">
        <test-method is-config="true" signature="setup(java.lang.String)[pri:0, instance:com.org.Tests.LoginTest@52b02d02]" started-at="2023-09-07T14:32:18 IST" name="setup" finished-at="2023-09-07T14:34:25 IST" duration-ms="127767" status="PASS">
          <params>
            <param index="0">
              <value>
                <![CDATA[edge]]>
              </value>
            </param>
          </params>
          <reporter-output>
          </reporter-output>
        </test-method> <!-- setup -->
        <test-method signature="loginTest()[pri:0, instance:com.org.Tests.LoginTest@52b02d02]" started-at="2023-09-07T14:34:25 IST" name="loginTest" finished-at="2023-09-07T14:34:58 IST" duration-ms="32748" status="PASS">
          <reporter-output>
          </reporter-output>
        </test-method> <!-- loginTest -->
        <test-method is-config="true" signature="tearDown()[pri:0, instance:com.org.Tests.LoginTest@52b02d02]" started-at="2023-09-07T14:34:58 IST" name="tearDown" finished-at="2023-09-07T14:35:18 IST" duration-ms="19769" status="PASS">
          <reporter-output>
          </reporter-output>
        </test-method> <!-- tearDown -->
      </class> <!-- com.org.Tests.LoginTest -->
    </test> <!-- Selenium Tests with edge -->
    <test started-at="2023-09-07T14:32:17 IST" name="Selenium Tests with ff" finished-at="2023-09-07T14:35:21 IST" duration-ms="183890">
      <class name="com.org.Tests.LoginTest">
        <test-method is-config="true" signature="setup(java.lang.String)[pri:0, instance:com.org.Tests.LoginTest@2abc878b]" started-at="2023-09-07T14:32:18 IST" name="setup" finished-at="2023-09-07T14:34:22 IST" duration-ms="124447" status="PASS">
          <params>
            <param index="0">
              <value>
                <![CDATA[firefox]]>
              </value>
            </param>
          </params>
          <reporter-output>
          </reporter-output>
        </test-method> <!-- setup -->
        <test-method signature="loginTest()[pri:0, instance:com.org.Tests.LoginTest@2abc878b]" started-at="2023-09-07T14:34:22 IST" name="loginTest" finished-at="2023-09-07T14:34:56 IST" duration-ms="33976" status="PASS">
          <reporter-output>
          </reporter-output>
        </test-method> <!-- loginTest -->
        <test-method is-config="true" signature="tearDown()[pri:0, instance:com.org.Tests.LoginTest@2abc878b]" started-at="2023-09-07T14:34:56 IST" name="tearDown" finished-at="2023-09-07T14:35:21 IST" duration-ms="25332" status="PASS">
          <reporter-output>
          </reporter-output>
        </test-method> <!-- tearDown -->
      </class> <!-- com.org.Tests.LoginTest -->
    </test> <!-- Selenium Tests with ff -->
  </suite> <!-- Suite -->
</testng-results>
